2023-02-18 02:21:53.325+0000 [id=1]	INFO	winstone.Logger#logInternal: Beginning extraction from war file
2023-02-18 02:21:57.107+0000 [id=1]	WARNING	o.e.j.s.handler.ContextHandler#setContextPath: Empty contextPath
2023-02-18 02:21:57.320+0000 [id=1]	INFO	org.eclipse.jetty.server.Server#doStart: jetty-10.0.12; built: 2022-09-14T01:54:40.076Z; git: 408d0139887e27a57b54ed52e2d92a36731a7e88; jvm 11.0.18+9-LTS-195
2023-02-18 02:21:59.055+0000 [id=1]	INFO	o.e.j.w.StandardDescriptorProcessor#visitServlet: NO JSP Support for /, did not find org.eclipse.jetty.jsp.JettyJspServlet
2023-02-18 02:21:59.242+0000 [id=1]	INFO	o.e.j.s.s.DefaultSessionIdManager#doStart: Session workerName=node0
2023-02-18 02:22:00.763+0000 [id=1]	INFO	hudson.WebAppMain#contextInitialized: Jenkins home directory: C:\ProgramData\Jenkins\.jenkins found at: EnvVars.masterEnvVars.get("JENKINS_HOME")
2023-02-18 02:22:01.138+0000 [id=1]	INFO	o.e.j.s.handler.ContextHandler#doStart: Started w.@1000d54d{Jenkins v2.375.3,/,file:///C:/ProgramData/Jenkins/war/,AVAILABLE}{C:\ProgramData\Jenkins\war}
2023-02-18 02:22:01.201+0000 [id=1]	INFO	o.e.j.server.AbstractConnector#doStart: Started ServerConnector@696f0212{HTTP/1.1, (http/1.1)}{0.0.0.0:8080}
2023-02-18 02:22:01.263+0000 [id=1]	INFO	org.eclipse.jetty.server.Server#doStart: Started Server@3a3e4aff{STARTING}[10.0.12,sto=0] @9585ms
2023-02-18 02:22:01.263+0000 [id=25]	INFO	winstone.Logger#logInternal: Winstone Servlet Engine running: controlPort=disabled
2023-02-18 02:22:01.951+0000 [id=32]	INFO	jenkins.InitReactorRunner$1#onAttained: Started initialization
2023-02-18 02:22:01.951+0000 [id=32]	INFO	jenkins.InitReactorRunner$1#onAttained: Listed all plugins
2023-02-18 02:22:04.944+0000 [id=41]	INFO	jenkins.InitReactorRunner$1#onAttained: Prepared all plugins
2023-02-18 02:22:04.960+0000 [id=30]	INFO	jenkins.InitReactorRunner$1#onAttained: Started all plugins
2023-02-18 02:22:04.991+0000 [id=45]	INFO	jenkins.InitReactorRunner$1#onAttained: Augmented all extensions
2023-02-18 02:22:05.641+0000 [id=45]	INFO	jenkins.InitReactorRunner$1#onAttained: System config loaded
2023-02-18 02:22:05.641+0000 [id=44]	INFO	jenkins.InitReactorRunner$1#onAttained: System config adapted
2023-02-18 02:22:05.641+0000 [id=38]	INFO	jenkins.InitReactorRunner$1#onAttained: Loaded all jobs
2023-02-18 02:22:05.657+0000 [id=45]	INFO	jenkins.InitReactorRunner$1#onAttained: Configuration for all jobs updated
2023-02-18 02:22:05.720+0000 [id=58]	INFO	hudson.util.Retrier#start: Attempt #1 to do the action check updates server
WARNING: An illegal reflective access operation has occurred
WARNING: Illegal reflective access by org.codehaus.groovy.vmplugin.v7.Java7$1 (file:/C:/ProgramData/Jenkins/war/WEB-INF/lib/groovy-all-2.4.21.jar) to constructor java.lang.invoke.MethodHandles$Lookup(java.lang.Class,int)
WARNING: Please consider reporting this to the maintainers of org.codehaus.groovy.vmplugin.v7.Java7$1
WARNING: Use --illegal-access=warn to enable warnings of further illegal reflective access operations
WARNING: All illegal access operations will be denied in a future release
2023-02-18 02:22:06.641+0000 [id=31]	INFO	jenkins.install.SetupWizard#init: 

*************************************************************
*************************************************************
*************************************************************

Jenkins initial setup is required. An admin user has been created and a password generated.
Please use the following password to proceed to installation:

680933e2781a49e783fd01aa67bc12a6

This may also be found at: C:\ProgramData\Jenkins\.jenkins\secrets\initialAdminPassword

*************************************************************
*************************************************************
*************************************************************

2023-02-18 02:22:54.929+0000 [id=41]	INFO	jenkins.InitReactorRunner$1#onAttained: Completed initialization
2023-02-18 02:22:55.022+0000 [id=24]	INFO	hudson.lifecycle.Lifecycle#onReady: Jenkins is fully up and running
2023-02-18 02:22:56.665+0000 [id=58]	INFO	h.m.DownloadService$Downloadable#load: Obtained the updated data file for hudson.tasks.Maven.MavenInstaller
2023-02-18 02:22:56.665+0000 [id=58]	INFO	hudson.util.Retrier#start: Performed the action check updates server successfully at the attempt #1
2023-02-18 02:34:15.846+0000 [id=88]	INFO	hudson.PluginManager#install: Starting installation of a batch of 19 plugins plus their dependencies
2023-02-18 02:34:15.863+0000 [id=88]	INFO	hudson.model.UpdateSite$Plugin#deploy: Adding dependent install of ionicons-api for plugin cloudbees-folder
2023-02-18 02:34:15.863+0000 [id=88]	INFO	hudson.model.UpdateSite$Plugin#deploy: Adding dependent install of instance-identity for plugin ionicons-api
2023-02-18 02:34:15.863+0000 [id=88]	INFO	hudson.model.UpdateSite$Plugin#deploy: Adding dependent install of bouncycastle-api for plugin instance-identity
2023-02-18 02:34:15.863+0000 [id=88]	INFO	hudson.model.UpdateSite$Plugin#deploy: Adding dependent install of javax-mail-api for plugin bouncycastle-api
2023-02-18 02:34:15.863+0000 [id=88]	INFO	hudson.model.UpdateSite$Plugin#deploy: Adding dependent install of javax-activation-api for plugin javax-mail-api
2023-02-18 02:34:15.876+0000 [id=88]	INFO	hudson.model.UpdateSite$Plugin#deploy: Adding dependent install of sshd for plugin antisamy-markup-formatter
2023-02-18 02:34:15.876+0000 [id=96]	INFO	h.model.UpdateCenter$DownloadJob#run: Starting the installation of javax-activation-api on behalf of admin
2023-02-18 02:34:15.876+0000 [id=88]	INFO	hudson.model.UpdateSite$Plugin#deploy: Adding dependent install of mina-sshd-api-core for plugin sshd
2023-02-18 02:34:15.884+0000 [id=88]	INFO	hudson.model.UpdateSite$Plugin#deploy: Adding dependent install of mina-sshd-api-common for plugin mina-sshd-api-core
2023-02-18 02:34:15.884+0000 [id=96]	INFO	h.m.UpdateCenter$UpdateCenterConfiguration#download: Downloading javax-activation-api
2023-02-18 02:34:15.884+0000 [id=88]	INFO	hudson.model.UpdateSite$Plugin#deploy: Adding dependent install of token-macro for plugin build-timeout
2023-02-18 02:34:15.884+0000 [id=88]	INFO	hudson.model.UpdateSite$Plugin#deploy: Adding dependent install of structs for plugin token-macro
2023-02-18 02:34:15.890+0000 [id=88]	INFO	hudson.model.UpdateSite$Plugin#deploy: Adding dependent install of credentials for plugin credentials-binding
2023-02-18 02:34:15.893+0000 [id=88]	INFO	hudson.model.UpdateSite$Plugin#deploy: Adding dependent install of ssh-credentials for plugin credentials-binding
2023-02-18 02:34:15.893+0000 [id=88]	INFO	hudson.model.UpdateSite$Plugin#deploy: Adding dependent install of trilead-api for plugin ssh-credentials
2023-02-18 02:34:15.893+0000 [id=88]	INFO	hudson.model.UpdateSite$Plugin#deploy: Adding dependent install of workflow-step-api for plugin credentials-binding
2023-02-18 02:34:15.901+0000 [id=88]	INFO	hudson.model.UpdateSite$Plugin#deploy: Adding dependent install of plain-credentials for plugin credentials-binding
2023-02-18 02:34:15.901+0000 [id=88]	INFO	hudson.model.UpdateSite$Plugin#deploy: Adding dependent install of workflow-api for plugin timestamper
2023-02-18 02:34:15.901+0000 [id=88]	INFO	hudson.model.UpdateSite$Plugin#deploy: Adding dependent install of scm-api for plugin workflow-api
2023-02-18 02:34:15.901+0000 [id=88]	INFO	hudson.model.UpdateSite$Plugin#deploy: Adding dependent install of commons-lang3-api for plugin timestamper
2023-02-18 02:34:15.901+0000 [id=88]	INFO	hudson.model.UpdateSite$Plugin#deploy: Adding dependent install of matrix-project for plugin ws-cleanup
2023-02-18 02:34:15.901+0000 [id=88]	INFO	hudson.model.UpdateSite$Plugin#deploy: Adding dependent install of script-security for plugin matrix-project
2023-02-18 02:34:15.901+0000 [id=88]	INFO	hudson.model.UpdateSite$Plugin#deploy: Adding dependent install of caffeine-api for plugin script-security
2023-02-18 02:34:15.909+0000 [id=88]	INFO	hudson.model.UpdateSite$Plugin#deploy: Adding dependent install of junit for plugin matrix-project
2023-02-18 02:34:15.909+0000 [id=88]	INFO	hudson.model.UpdateSite$Plugin#deploy: Adding dependent install of jackson2-api for plugin junit
2023-02-18 02:34:15.909+0000 [id=88]	INFO	hudson.model.UpdateSite$Plugin#deploy: Adding dependent install of jaxb for plugin jackson2-api
2023-02-18 02:34:15.909+0000 [id=88]	INFO	hudson.model.UpdateSite$Plugin#deploy: Adding dependent install of snakeyaml-api for plugin jackson2-api
2023-02-18 02:34:15.909+0000 [id=88]	INFO	hudson.model.UpdateSite$Plugin#deploy: Adding dependent install of bootstrap5-api for plugin junit
2023-02-18 02:34:15.909+0000 [id=88]	INFO	hudson.model.UpdateSite$Plugin#deploy: Adding dependent install of font-awesome-api for plugin bootstrap5-api
2023-02-18 02:34:15.909+0000 [id=88]	INFO	hudson.model.UpdateSite$Plugin#deploy: Adding dependent install of commons-text-api for plugin font-awesome-api
2023-02-18 02:34:15.917+0000 [id=88]	INFO	hudson.model.UpdateSite$Plugin#deploy: Adding dependent install of plugin-util-api for plugin font-awesome-api
2023-02-18 02:34:15.917+0000 [id=88]	INFO	hudson.model.UpdateSite$Plugin#deploy: Adding dependent install of popper2-api for plugin bootstrap5-api
2023-02-18 02:34:15.917+0000 [id=88]	INFO	hudson.model.UpdateSite$Plugin#deploy: Adding dependent install of echarts-api for plugin junit
2023-02-18 02:34:15.917+0000 [id=88]	INFO	hudson.model.UpdateSite$Plugin#deploy: Adding dependent install of jquery3-api for plugin echarts-api
2023-02-18 02:34:15.917+0000 [id=88]	INFO	hudson.model.UpdateSite$Plugin#deploy: Adding dependent install of display-url-api for plugin junit
2023-02-18 02:34:15.917+0000 [id=88]	INFO	hudson.model.UpdateSite$Plugin#deploy: Adding dependent install of checks-api for plugin junit
2023-02-18 02:34:15.925+0000 [id=88]	INFO	hudson.model.UpdateSite$Plugin#deploy: Adding dependent install of workflow-support for plugin checks-api
2023-02-18 02:34:15.925+0000 [id=88]	INFO	hudson.model.UpdateSite$Plugin#deploy: Adding dependent install of resource-disposer for plugin ws-cleanup
2023-02-18 02:34:15.925+0000 [id=88]	INFO	hudson.model.UpdateSite$Plugin#deploy: Adding dependent install of workflow-cps for plugin gradle
2023-02-18 02:34:15.925+0000 [id=88]	INFO	hudson.model.UpdateSite$Plugin#deploy: Adding dependent install of workflow-scm-step for plugin workflow-cps
2023-02-18 02:34:15.925+0000 [id=88]	INFO	hudson.model.UpdateSite$Plugin#deploy: Adding dependent install of workflow-durable-task-step for plugin gradle
2023-02-18 02:34:15.925+0000 [id=88]	INFO	hudson.model.UpdateSite$Plugin#deploy: Adding dependent install of durable-task for plugin workflow-durable-task-step
2023-02-18 02:34:15.933+0000 [id=88]	INFO	hudson.model.UpdateSite$Plugin#deploy: Adding dependent install of workflow-job for plugin gradle
2023-02-18 02:34:15.933+0000 [id=88]	INFO	hudson.model.UpdateSite$Plugin#deploy: Adding dependent install of workflow-basic-steps for plugin gradle
2023-02-18 02:34:15.933+0000 [id=88]	INFO	hudson.model.UpdateSite$Plugin#deploy: Adding dependent install of jakarta-mail-api for plugin workflow-basic-steps
2023-02-18 02:34:15.933+0000 [id=88]	INFO	hudson.model.UpdateSite$Plugin#deploy: Adding dependent install of jakarta-activation-api for plugin jakarta-mail-api
2023-02-18 02:34:15.933+0000 [id=88]	INFO	hudson.model.UpdateSite$Plugin#deploy: Adding dependent install of apache-httpcomponents-client-4-api for plugin workflow-basic-steps
2023-02-18 02:34:15.933+0000 [id=88]	INFO	hudson.model.UpdateSite$Plugin#deploy: Adding dependent install of mailer for plugin workflow-basic-steps
2023-02-18 02:34:15.938+0000 [id=88]	INFO	hudson.model.UpdateSite$Plugin#deploy: Adding dependent install of pipeline-milestone-step for plugin workflow-aggregator
2023-02-18 02:34:15.938+0000 [id=88]	INFO	hudson.model.UpdateSite$Plugin#deploy: Adding dependent install of pipeline-build-step for plugin workflow-aggregator
2023-02-18 02:34:15.943+0000 [id=88]	INFO	hudson.model.UpdateSite$Plugin#deploy: Adding dependent install of pipeline-groovy-lib for plugin workflow-aggregator
2023-02-18 02:34:15.943+0000 [id=88]	INFO	hudson.model.UpdateSite$Plugin#deploy: Adding dependent install of variant for plugin pipeline-groovy-lib
2023-02-18 02:34:15.943+0000 [id=88]	INFO	hudson.model.UpdateSite$Plugin#deploy: Adding dependent install of pipeline-model-definition for plugin workflow-aggregator
2023-02-18 02:34:15.943+0000 [id=88]	INFO	hudson.model.UpdateSite$Plugin#deploy: Adding dependent install of pipeline-model-extensions for plugin pipeline-model-definition
2023-02-18 02:34:15.943+0000 [id=88]	INFO	hudson.model.UpdateSite$Plugin#deploy: Adding dependent install of pipeline-model-api for plugin pipeline-model-extensions
2023-02-18 02:34:15.943+0000 [id=88]	INFO	hudson.model.UpdateSite$Plugin#deploy: Adding dependent install of pipeline-stage-step for plugin pipeline-model-extensions
2023-02-18 02:34:15.951+0000 [id=88]	INFO	hudson.model.UpdateSite$Plugin#deploy: Adding dependent install of workflow-multibranch for plugin pipeline-model-definition
2023-02-18 02:34:15.951+0000 [id=88]	INFO	hudson.model.UpdateSite$Plugin#deploy: Adding dependent install of branch-api for plugin workflow-multibranch
2023-02-18 02:34:15.951+0000 [id=88]	INFO	hudson.model.UpdateSite$Plugin#deploy: Adding dependent install of pipeline-stage-tags-metadata for plugin pipeline-model-definition
2023-02-18 02:34:15.951+0000 [id=88]	INFO	hudson.model.UpdateSite$Plugin#deploy: Adding dependent install of git-client for plugin pipeline-model-definition
2023-02-18 02:34:15.951+0000 [id=88]	INFO	hudson.model.UpdateSite$Plugin#deploy: Adding dependent install of pipeline-input-step for plugin pipeline-model-definition
2023-02-18 02:34:15.959+0000 [id=88]	INFO	hudson.model.UpdateSite$Plugin#deploy: Adding dependent install of jjwt-api for plugin github-branch-source
2023-02-18 02:34:15.959+0000 [id=88]	INFO	hudson.model.UpdateSite$Plugin#deploy: Adding dependent install of okhttp-api for plugin github-branch-source
2023-02-18 02:34:15.959+0000 [id=88]	INFO	hudson.model.UpdateSite$Plugin#deploy: Adding dependent install of github-api for plugin github-branch-source
2023-02-18 02:34:15.967+0000 [id=88]	INFO	hudson.model.UpdateSite$Plugin#deploy: Adding dependent install of github for plugin github-branch-source
2023-02-18 02:34:15.967+0000 [id=88]	INFO	hudson.model.UpdateSite$Plugin#deploy: Adding dependent install of git for plugin github
2023-02-18 02:34:15.967+0000 [id=88]	INFO	hudson.model.UpdateSite$Plugin#deploy: Adding dependent install of pipeline-rest-api for plugin pipeline-stage-view
2023-02-18 02:34:15.967+0000 [id=88]	INFO	hudson.model.UpdateSite$Plugin#deploy: Adding dependent install of pipeline-graph-analysis for plugin pipeline-rest-api
2023-02-18 02:34:21.746+0000 [id=96]	INFO	h.model.UpdateCenter$DownloadJob#run: Installation successful: javax-activation-api
2023-02-18 02:34:21.746+0000 [id=96]	INFO	h.model.UpdateCenter$DownloadJob#run: Starting the installation of javax-mail-api on behalf of admin
2023-02-18 02:34:21.746+0000 [id=96]	INFO	h.m.UpdateCenter$UpdateCenterConfiguration#download: Downloading javax-mail-api
2023-02-18 02:34:31.855+0000 [id=96]	INFO	h.model.UpdateCenter$DownloadJob#run: Installation successful: javax-mail-api
2023-02-18 02:34:31.855+0000 [id=96]	INFO	h.model.UpdateCenter$DownloadJob#run: Starting the installation of bouncycastle-api on behalf of admin
2023-02-18 02:34:31.855+0000 [id=96]	INFO	h.m.UpdateCenter$UpdateCenterConfiguration#download: Downloading bouncycastle-api
2023-02-18 02:35:49.890+0000 [id=96]	INFO	h.model.UpdateCenter$DownloadJob#run: Installation successful: bouncycastle-api
2023-02-18 02:35:49.890+0000 [id=96]	INFO	h.model.UpdateCenter$DownloadJob#run: Starting the installation of instance-identity on behalf of admin
2023-02-18 02:35:49.890+0000 [id=96]	INFO	h.m.UpdateCenter$UpdateCenterConfiguration#download: Downloading instance-identity
2023-02-18 02:35:55.165+0000 [id=96]	INFO	h.model.UpdateCenter$DownloadJob#run: Installation successful: instance-identity
2023-02-18 02:35:55.165+0000 [id=96]	INFO	h.model.UpdateCenter$DownloadJob#run: Starting the installation of ionicons-api on behalf of admin
2023-02-18 02:35:55.165+0000 [id=96]	INFO	h.m.UpdateCenter$UpdateCenterConfiguration#download: Downloading ionicons-api
2023-02-18 02:36:02.361+0000 [id=96]	INFO	h.model.UpdateCenter$DownloadJob#run: Installation successful: ionicons-api
2023-02-18 02:36:02.361+0000 [id=96]	INFO	h.model.UpdateCenter$DownloadJob#run: Starting the installation of cloudbees-folder on behalf of admin
2023-02-18 02:36:02.361+0000 [id=96]	INFO	h.m.UpdateCenter$UpdateCenterConfiguration#download: Downloading cloudbees-folder
2023-02-18 02:36:06.761+0000 [id=96]	INFO	h.model.UpdateCenter$DownloadJob#run: Installation successful: cloudbees-folder
2023-02-18 02:36:06.761+0000 [id=96]	INFO	h.model.UpdateCenter$DownloadJob#run: Starting the installation of mina-sshd-api-common on behalf of admin
2023-02-18 02:36:06.761+0000 [id=96]	INFO	h.m.UpdateCenter$UpdateCenterConfiguration#download: Downloading mina-sshd-api-common
2023-02-18 02:36:17.109+0000 [id=96]	INFO	h.model.UpdateCenter$DownloadJob#run: Installation successful: mina-sshd-api-common
2023-02-18 02:36:17.109+0000 [id=96]	INFO	h.model.UpdateCenter$DownloadJob#run: Starting the installation of mina-sshd-api-core on behalf of admin
2023-02-18 02:36:17.109+0000 [id=96]	INFO	h.m.UpdateCenter$UpdateCenterConfiguration#download: Downloading mina-sshd-api-core
2023-02-18 02:36:28.744+0000 [id=96]	INFO	h.model.UpdateCenter$DownloadJob#run: Installation successful: mina-sshd-api-core
2023-02-18 02:36:28.744+0000 [id=96]	INFO	h.model.UpdateCenter$DownloadJob#run: Starting the installation of sshd on behalf of admin
2023-02-18 02:36:28.744+0000 [id=96]	INFO	h.m.UpdateCenter$UpdateCenterConfiguration#download: Downloading sshd
2023-02-18 02:36:32.946+0000 [id=96]	INFO	h.model.UpdateCenter$DownloadJob#run: Installation successful: sshd
2023-02-18 02:36:32.946+0000 [id=96]	INFO	h.model.UpdateCenter$DownloadJob#run: Starting the installation of antisamy-markup-formatter on behalf of admin
2023-02-18 02:36:32.946+0000 [id=96]	INFO	h.m.UpdateCenter$UpdateCenterConfiguration#download: Downloading antisamy-markup-formatter
2023-02-18 02:36:38.277+0000 [id=96]	INFO	h.model.UpdateCenter$DownloadJob#run: Installation successful: antisamy-markup-formatter
2023-02-18 02:36:38.277+0000 [id=96]	INFO	h.model.UpdateCenter$DownloadJob#run: Starting the installation of structs on behalf of admin
2023-02-18 02:36:38.277+0000 [id=96]	INFO	h.m.UpdateCenter$UpdateCenterConfiguration#download: Downloading structs
2023-02-18 02:36:42.043+0000 [id=96]	INFO	h.model.UpdateCenter$DownloadJob#run: Installation successful: structs
2023-02-18 02:36:42.043+0000 [id=96]	INFO	h.model.UpdateCenter$DownloadJob#run: Starting the installation of token-macro on behalf of admin
2023-02-18 02:36:42.043+0000 [id=96]	INFO	h.m.UpdateCenter$UpdateCenterConfiguration#download: Downloading token-macro
2023-02-18 02:36:49.625+0000 [id=96]	INFO	h.model.UpdateCenter$DownloadJob#run: Installation successful: token-macro
2023-02-18 02:36:49.628+0000 [id=96]	INFO	h.model.UpdateCenter$DownloadJob#run: Starting the installation of build-timeout on behalf of admin
2023-02-18 02:36:49.628+0000 [id=96]	INFO	h.m.UpdateCenter$UpdateCenterConfiguration#download: Downloading build-timeout
2023-02-18 02:36:53.337+0000 [id=96]	INFO	h.model.UpdateCenter$DownloadJob#run: Installation successful: build-timeout
2023-02-18 02:36:53.337+0000 [id=96]	INFO	h.model.UpdateCenter$DownloadJob#run: Starting the installation of credentials on behalf of admin
2023-02-18 02:36:53.341+0000 [id=96]	INFO	h.m.UpdateCenter$UpdateCenterConfiguration#download: Downloading credentials
2023-02-18 02:36:57.620+0000 [id=96]	INFO	h.model.UpdateCenter$DownloadJob#run: Installation successful: credentials
2023-02-18 02:36:57.620+0000 [id=96]	INFO	h.model.UpdateCenter$DownloadJob#run: Starting the installation of trilead-api on behalf of admin
2023-02-18 02:36:57.620+0000 [id=96]	INFO	h.m.UpdateCenter$UpdateCenterConfiguration#download: Downloading trilead-api
2023-02-18 02:37:16.654+0000 [id=96]	INFO	h.model.UpdateCenter$DownloadJob#run: Installation successful: trilead-api
2023-02-18 02:37:16.654+0000 [id=96]	INFO	h.model.UpdateCenter$DownloadJob#run: Starting the installation of ssh-credentials on behalf of admin
2023-02-18 02:37:16.654+0000 [id=96]	INFO	h.m.UpdateCenter$UpdateCenterConfiguration#download: Downloading ssh-credentials
2023-02-18 02:37:20.254+0000 [id=96]	INFO	h.model.UpdateCenter$DownloadJob#run: Installation successful: ssh-credentials
2023-02-18 02:37:20.254+0000 [id=96]	INFO	h.model.UpdateCenter$DownloadJob#run: Starting the installation of workflow-step-api on behalf of admin
2023-02-18 02:37:20.254+0000 [id=96]	INFO	h.m.UpdateCenter$UpdateCenterConfiguration#download: Downloading workflow-step-api
2023-02-18 02:37:24.670+0000 [id=96]	INFO	h.model.UpdateCenter$DownloadJob#run: Installation successful: workflow-step-api
2023-02-18 02:37:24.670+0000 [id=96]	INFO	h.model.UpdateCenter$DownloadJob#run: Starting the installation of plain-credentials on behalf of admin
2023-02-18 02:37:24.670+0000 [id=96]	INFO	h.m.UpdateCenter$UpdateCenterConfiguration#download: Downloading plain-credentials
2023-02-18 02:37:27.901+0000 [id=96]	INFO	h.model.UpdateCenter$DownloadJob#run: Installation successful: plain-credentials
2023-02-18 02:37:27.901+0000 [id=96]	INFO	h.model.UpdateCenter$DownloadJob#run: Starting the installation of credentials-binding on behalf of admin
2023-02-18 02:37:27.901+0000 [id=96]	INFO	h.m.UpdateCenter$UpdateCenterConfiguration#download: Downloading credentials-binding
2023-02-18 02:37:33.247+0000 [id=96]	INFO	h.model.UpdateCenter$DownloadJob#run: Installation successful: credentials-binding
2023-02-18 02:37:33.247+0000 [id=96]	INFO	h.model.UpdateCenter$DownloadJob#run: Starting the installation of scm-api on behalf of admin
2023-02-18 02:37:33.247+0000 [id=96]	INFO	h.m.UpdateCenter$UpdateCenterConfiguration#download: Downloading scm-api
2023-02-18 02:37:37.571+0000 [id=96]	INFO	h.model.UpdateCenter$DownloadJob#run: Installation successful: scm-api
2023-02-18 02:37:37.571+0000 [id=96]	INFO	h.model.UpdateCenter$DownloadJob#run: Starting the installation of workflow-api on behalf of admin
2023-02-18 02:37:37.571+0000 [id=96]	INFO	h.m.UpdateCenter$UpdateCenterConfiguration#download: Downloading workflow-api
2023-02-18 02:37:41.458+0000 [id=96]	INFO	h.model.UpdateCenter$DownloadJob#run: Installation successful: workflow-api
2023-02-18 02:37:41.458+0000 [id=96]	INFO	h.model.UpdateCenter$DownloadJob#run: Starting the installation of commons-lang3-api on behalf of admin
2023-02-18 02:37:41.458+0000 [id=96]	INFO	h.m.UpdateCenter$UpdateCenterConfiguration#download: Downloading commons-lang3-api
2023-02-18 02:37:52.616+0000 [id=96]	INFO	h.model.UpdateCenter$DownloadJob#run: Installation successful: commons-lang3-api
2023-02-18 02:37:52.616+0000 [id=96]	INFO	h.model.UpdateCenter$DownloadJob#run: Starting the installation of timestamper on behalf of admin
2023-02-18 02:37:52.616+0000 [id=96]	INFO	h.m.UpdateCenter$UpdateCenterConfiguration#download: Downloading timestamper
2023-02-18 02:37:57.128+0000 [id=96]	INFO	h.model.UpdateCenter$DownloadJob#run: Installation successful: timestamper
2023-02-18 02:37:57.128+0000 [id=96]	INFO	h.model.UpdateCenter$DownloadJob#run: Starting the installation of caffeine-api on behalf of admin
2023-02-18 02:37:57.133+0000 [id=96]	INFO	h.m.UpdateCenter$UpdateCenterConfiguration#download: Downloading caffeine-api
2023-02-18 02:38:06.813+0000 [id=96]	INFO	h.model.UpdateCenter$DownloadJob#run: Installation successful: caffeine-api
2023-02-18 02:38:06.813+0000 [id=96]	INFO	h.model.UpdateCenter$DownloadJob#run: Starting the installation of script-security on behalf of admin
2023-02-18 02:38:06.813+0000 [id=96]	INFO	h.m.UpdateCenter$UpdateCenterConfiguration#download: Downloading script-security
2023-02-18 02:38:11.683+0000 [id=96]	INFO	h.model.UpdateCenter$DownloadJob#run: Installation successful: script-security
2023-02-18 02:38:11.683+0000 [id=96]	INFO	h.model.UpdateCenter$DownloadJob#run: Starting the installation of jaxb on behalf of admin
2023-02-18 02:38:11.683+0000 [id=96]	INFO	h.m.UpdateCenter$UpdateCenterConfiguration#download: Downloading jaxb
2023-02-18 02:38:16.143+0000 [id=96]	INFO	h.model.UpdateCenter$DownloadJob#run: Installation successful: jaxb
2023-02-18 02:38:16.143+0000 [id=96]	INFO	h.model.UpdateCenter$DownloadJob#run: Starting the installation of snakeyaml-api on behalf of admin
2023-02-18 02:38:16.143+0000 [id=96]	INFO	h.m.UpdateCenter$UpdateCenterConfiguration#download: Downloading snakeyaml-api
2023-02-18 02:38:20.179+0000 [id=96]	INFO	h.model.UpdateCenter$DownloadJob#run: Installation successful: snakeyaml-api
2023-02-18 02:38:20.179+0000 [id=96]	INFO	h.model.UpdateCenter$DownloadJob#run: Starting the installation of jackson2-api on behalf of admin
2023-02-18 02:38:20.179+0000 [id=96]	INFO	h.m.UpdateCenter$UpdateCenterConfiguration#download: Downloading jackson2-api
2023-02-18 02:38:35.559+0000 [id=96]	INFO	h.model.UpdateCenter$DownloadJob#run: Installation successful: jackson2-api
2023-02-18 02:38:35.559+0000 [id=96]	INFO	h.model.UpdateCenter$DownloadJob#run: Starting the installation of commons-text-api on behalf of admin
2023-02-18 02:38:35.559+0000 [id=96]	INFO	h.m.UpdateCenter$UpdateCenterConfiguration#download: Downloading commons-text-api
2023-02-18 02:38:39.686+0000 [id=96]	INFO	h.model.UpdateCenter$DownloadJob#run: Installation successful: commons-text-api
2023-02-18 02:38:39.686+0000 [id=96]	INFO	h.model.UpdateCenter$DownloadJob#run: Starting the installation of plugin-util-api on behalf of admin
2023-02-18 02:38:39.686+0000 [id=96]	INFO	h.m.UpdateCenter$UpdateCenterConfiguration#download: Downloading plugin-util-api
2023-02-18 02:38:43.442+0000 [id=96]	INFO	h.model.UpdateCenter$DownloadJob#run: Installation successful: plugin-util-api
2023-02-18 02:38:43.442+0000 [id=96]	INFO	h.model.UpdateCenter$DownloadJob#run: Starting the installation of font-awesome-api on behalf of admin
2023-02-18 02:38:43.442+0000 [id=96]	INFO	h.m.UpdateCenter$UpdateCenterConfiguration#download: Downloading font-awesome-api
2023-02-18 02:38:48.404+0000 [id=96]	INFO	h.model.UpdateCenter$DownloadJob#run: Installation successful: font-awesome-api
2023-02-18 02:38:48.404+0000 [id=96]	INFO	h.model.UpdateCenter$DownloadJob#run: Starting the installation of popper2-api on behalf of admin
2023-02-18 02:38:48.404+0000 [id=96]	INFO	h.m.UpdateCenter$UpdateCenterConfiguration#download: Downloading popper2-api
2023-02-18 02:38:54.440+0000 [id=96]	INFO	h.model.UpdateCenter$DownloadJob#run: Installation successful: popper2-api
2023-02-18 02:38:54.440+0000 [id=96]	INFO	h.model.UpdateCenter$DownloadJob#run: Starting the installation of bootstrap5-api on behalf of admin
2023-02-18 02:38:54.440+0000 [id=96]	INFO	h.m.UpdateCenter$UpdateCenterConfiguration#download: Downloading bootstrap5-api
2023-02-18 02:39:00.051+0000 [id=96]	INFO	h.model.UpdateCenter$DownloadJob#run: Installation successful: bootstrap5-api
2023-02-18 02:39:00.051+0000 [id=96]	INFO	h.model.UpdateCenter$DownloadJob#run: Starting the installation of jquery3-api on behalf of admin
2023-02-18 02:39:00.051+0000 [id=96]	INFO	h.m.UpdateCenter$UpdateCenterConfiguration#download: Downloading jquery3-api
2023-02-18 02:39:04.573+0000 [id=96]	INFO	h.model.UpdateCenter$DownloadJob#run: Installation successful: jquery3-api
2023-02-18 02:39:04.573+0000 [id=96]	INFO	h.model.UpdateCenter$DownloadJob#run: Starting the installation of echarts-api on behalf of admin
2023-02-18 02:39:04.573+0000 [id=96]	INFO	h.m.UpdateCenter$UpdateCenterConfiguration#download: Downloading echarts-api
2023-02-18 02:39:21.420+0000 [id=96]	INFO	h.model.UpdateCenter$DownloadJob#run: Installation successful: echarts-api
2023-02-18 02:39:21.420+0000 [id=96]	INFO	h.model.UpdateCenter$DownloadJob#run: Starting the installation of display-url-api on behalf of admin
2023-02-18 02:39:21.420+0000 [id=96]	INFO	h.m.UpdateCenter$UpdateCenterConfiguration#download: Downloading display-url-api
2023-02-18 02:39:24.982+0000 [id=96]	INFO	h.model.UpdateCenter$DownloadJob#run: Installation successful: display-url-api
2023-02-18 02:39:24.982+0000 [id=96]	INFO	h.model.UpdateCenter$DownloadJob#run: Starting the installation of workflow-support on behalf of admin
2023-02-18 02:39:24.982+0000 [id=96]	INFO	h.m.UpdateCenter$UpdateCenterConfiguration#download: Downloading workflow-support
2023-02-18 02:39:28.588+0000 [id=96]	INFO	h.model.UpdateCenter$DownloadJob#run: Installation successful: workflow-support
2023-02-18 02:39:28.588+0000 [id=96]	INFO	h.model.UpdateCenter$DownloadJob#run: Starting the installation of checks-api on behalf of admin
2023-02-18 02:39:28.588+0000 [id=96]	INFO	h.m.UpdateCenter$UpdateCenterConfiguration#download: Downloading checks-api
2023-02-18 02:39:32.053+0000 [id=96]	INFO	h.model.UpdateCenter$DownloadJob#run: Installation successful: checks-api
2023-02-18 02:39:32.053+0000 [id=96]	INFO	h.model.UpdateCenter$DownloadJob#run: Starting the installation of junit on behalf of admin
2023-02-18 02:39:32.053+0000 [id=96]	INFO	h.m.UpdateCenter$UpdateCenterConfiguration#download: Downloading junit
2023-02-18 02:39:39.145+0000 [id=96]	INFO	h.model.UpdateCenter$DownloadJob#run: Installation successful: junit
2023-02-18 02:39:39.145+0000 [id=96]	INFO	h.model.UpdateCenter$DownloadJob#run: Starting the installation of matrix-project on behalf of admin
2023-02-18 02:39:39.145+0000 [id=96]	INFO	h.m.UpdateCenter$UpdateCenterConfiguration#download: Downloading matrix-project
2023-02-18 02:39:42.784+0000 [id=96]	INFO	h.model.UpdateCenter$DownloadJob#run: Installation successful: matrix-project
2023-02-18 02:39:42.784+0000 [id=96]	INFO	h.model.UpdateCenter$DownloadJob#run: Starting the installation of resource-disposer on behalf of admin
2023-02-18 02:39:42.784+0000 [id=96]	INFO	h.m.UpdateCenter$UpdateCenterConfiguration#download: Downloading resource-disposer
2023-02-18 02:39:46.800+0000 [id=96]	INFO	h.model.UpdateCenter$DownloadJob#run: Installation successful: resource-disposer
2023-02-18 02:39:46.800+0000 [id=96]	INFO	h.model.UpdateCenter$DownloadJob#run: Starting the installation of ws-cleanup on behalf of admin
2023-02-18 02:39:46.800+0000 [id=96]	INFO	h.m.UpdateCenter$UpdateCenterConfiguration#download: Downloading ws-cleanup
2023-02-18 02:39:51.395+0000 [id=96]	INFO	h.model.UpdateCenter$DownloadJob#run: Installation successful: ws-cleanup
2023-02-18 02:39:51.403+0000 [id=96]	INFO	h.model.UpdateCenter$DownloadJob#run: Starting the installation of ant on behalf of admin
2023-02-18 02:39:51.403+0000 [id=96]	INFO	h.m.UpdateCenter$UpdateCenterConfiguration#download: Downloading ant
2023-02-18 02:39:56.166+0000 [id=96]	INFO	h.model.UpdateCenter$DownloadJob#run: Installation successful: ant
2023-02-18 02:39:56.166+0000 [id=96]	INFO	h.model.UpdateCenter$DownloadJob#run: Starting the installation of workflow-scm-step on behalf of admin
2023-02-18 02:39:56.166+0000 [id=96]	INFO	h.m.UpdateCenter$UpdateCenterConfiguration#download: Downloading workflow-scm-step
2023-02-18 02:40:00.095+0000 [id=96]	INFO	h.model.UpdateCenter$DownloadJob#run: Installation successful: workflow-scm-step
2023-02-18 02:40:00.095+0000 [id=96]	INFO	h.model.UpdateCenter$DownloadJob#run: Starting the installation of workflow-cps on behalf of admin
2023-02-18 02:40:00.095+0000 [id=96]	INFO	h.m.UpdateCenter$UpdateCenterConfiguration#download: Downloading workflow-cps
2023-02-18 02:40:04.431+0000 [id=96]	INFO	h.model.UpdateCenter$DownloadJob#run: Installation successful: workflow-cps
2023-02-18 02:40:04.431+0000 [id=96]	INFO	h.model.UpdateCenter$DownloadJob#run: Starting the installation of durable-task on behalf of admin
2023-02-18 02:40:04.431+0000 [id=96]	INFO	h.m.UpdateCenter$UpdateCenterConfiguration#download: Downloading durable-task
2023-02-18 02:40:25.522+0000 [id=96]	INFO	h.model.UpdateCenter$DownloadJob#run: Installation successful: durable-task
2023-02-18 02:40:25.524+0000 [id=96]	INFO	h.model.UpdateCenter$DownloadJob#run: Starting the installation of workflow-durable-task-step on behalf of admin
2023-02-18 02:40:25.524+0000 [id=96]	INFO	h.m.UpdateCenter$UpdateCenterConfiguration#download: Downloading workflow-durable-task-step
2023-02-18 02:40:29.674+0000 [id=96]	INFO	h.model.UpdateCenter$DownloadJob#run: Installation successful: workflow-durable-task-step
2023-02-18 02:40:29.674+0000 [id=96]	INFO	h.model.UpdateCenter$DownloadJob#run: Starting the installation of workflow-job on behalf of admin
2023-02-18 02:40:29.677+0000 [id=96]	INFO	h.m.UpdateCenter$UpdateCenterConfiguration#download: Downloading workflow-job
2023-02-18 02:40:33.493+0000 [id=96]	INFO	h.model.UpdateCenter$DownloadJob#run: Installation successful: workflow-job
2023-02-18 02:40:33.493+0000 [id=96]	INFO	h.model.UpdateCenter$DownloadJob#run: Starting the installation of jakarta-activation-api on behalf of admin
2023-02-18 02:40:33.493+0000 [id=96]	INFO	h.m.UpdateCenter$UpdateCenterConfiguration#download: Downloading jakarta-activation-api
2023-02-18 02:40:38.509+0000 [id=96]	INFO	h.model.UpdateCenter$DownloadJob#run: Installation successful: jakarta-activation-api
2023-02-18 02:40:38.509+0000 [id=96]	INFO	h.model.UpdateCenter$DownloadJob#run: Starting the installation of jakarta-mail-api on behalf of admin
2023-02-18 02:40:38.509+0000 [id=96]	INFO	h.m.UpdateCenter$UpdateCenterConfiguration#download: Downloading jakarta-mail-api
2023-02-18 02:40:43.925+0000 [id=96]	INFO	h.model.UpdateCenter$DownloadJob#run: Installation successful: jakarta-mail-api
2023-02-18 02:40:43.925+0000 [id=96]	INFO	h.model.UpdateCenter$DownloadJob#run: Starting the installation of apache-httpcomponents-client-4-api on behalf of admin
2023-02-18 02:40:43.925+0000 [id=96]	INFO	h.m.UpdateCenter$UpdateCenterConfiguration#download: Downloading apache-httpcomponents-client-4-api
2023-02-18 02:40:52.741+0000 [id=96]	INFO	h.model.UpdateCenter$DownloadJob#run: Installation successful: apache-httpcomponents-client-4-api
2023-02-18 02:40:52.741+0000 [id=96]	INFO	h.model.UpdateCenter$DownloadJob#run: Starting the installation of mailer on behalf of admin
2023-02-18 02:40:52.741+0000 [id=96]	INFO	h.m.UpdateCenter$UpdateCenterConfiguration#download: Downloading mailer
2023-02-18 02:40:56.829+0000 [id=96]	INFO	h.model.UpdateCenter$DownloadJob#run: Installation successful: mailer
2023-02-18 02:40:56.829+0000 [id=96]	INFO	h.model.UpdateCenter$DownloadJob#run: Starting the installation of workflow-basic-steps on behalf of admin
2023-02-18 02:40:56.829+0000 [id=96]	INFO	h.m.UpdateCenter$UpdateCenterConfiguration#download: Downloading workflow-basic-steps
2023-02-18 02:41:00.203+0000 [id=96]	INFO	h.model.UpdateCenter$DownloadJob#run: Installation successful: workflow-basic-steps
2023-02-18 02:41:00.203+0000 [id=96]	INFO	h.model.UpdateCenter$DownloadJob#run: Starting the installation of gradle on behalf of admin
2023-02-18 02:41:00.206+0000 [id=96]	INFO	h.m.UpdateCenter$UpdateCenterConfiguration#download: Downloading gradle
2023-02-18 02:41:46.963+0000 [id=96]	INFO	h.model.UpdateCenter$DownloadJob#run: Installation successful: gradle
2023-02-18 02:41:46.966+0000 [id=96]	INFO	h.model.UpdateCenter$DownloadJob#run: Starting the installation of pipeline-milestone-step on behalf of admin
2023-02-18 02:41:46.966+0000 [id=96]	INFO	h.m.UpdateCenter$UpdateCenterConfiguration#download: Downloading pipeline-milestone-step
2023-02-18 02:41:51.099+0000 [id=96]	INFO	h.model.UpdateCenter$DownloadJob#run: Installation successful: pipeline-milestone-step
2023-02-18 02:41:51.099+0000 [id=96]	INFO	h.model.UpdateCenter$DownloadJob#run: Starting the installation of pipeline-build-step on behalf of admin
2023-02-18 02:41:51.099+0000 [id=96]	INFO	h.m.UpdateCenter$UpdateCenterConfiguration#download: Downloading pipeline-build-step
2023-02-18 02:41:55.511+0000 [id=96]	INFO	h.model.UpdateCenter$DownloadJob#run: Installation successful: pipeline-build-step
2023-02-18 02:41:55.511+0000 [id=96]	INFO	h.model.UpdateCenter$DownloadJob#run: Starting the installation of variant on behalf of admin
2023-02-18 02:41:55.515+0000 [id=96]	INFO	h.m.UpdateCenter$UpdateCenterConfiguration#download: Downloading variant
2023-02-18 02:41:58.981+0000 [id=96]	INFO	h.model.UpdateCenter$DownloadJob#run: Installation successful: variant
2023-02-18 02:41:58.981+0000 [id=96]	INFO	h.model.UpdateCenter$DownloadJob#run: Starting the installation of pipeline-groovy-lib on behalf of admin
2023-02-18 02:41:58.981+0000 [id=96]	INFO	h.m.UpdateCenter$UpdateCenterConfiguration#download: Downloading pipeline-groovy-lib
2023-02-18 02:42:07.030+0000 [id=96]	INFO	h.model.UpdateCenter$DownloadJob#run: Installation successful: pipeline-groovy-lib
2023-02-18 02:42:07.030+0000 [id=96]	INFO	h.model.UpdateCenter$DownloadJob#run: Starting the installation of pipeline-model-api on behalf of admin
2023-02-18 02:42:07.030+0000 [id=96]	INFO	h.m.UpdateCenter$UpdateCenterConfiguration#download: Downloading pipeline-model-api
2023-02-18 02:42:12.063+0000 [id=96]	INFO	h.model.UpdateCenter$DownloadJob#run: Installation successful: pipeline-model-api
2023-02-18 02:42:12.063+0000 [id=96]	INFO	h.model.UpdateCenter$DownloadJob#run: Starting the installation of pipeline-stage-step on behalf of admin
2023-02-18 02:42:12.063+0000 [id=96]	INFO	h.m.UpdateCenter$UpdateCenterConfiguration#download: Downloading pipeline-stage-step
2023-02-18 02:42:17.109+0000 [id=96]	INFO	h.model.UpdateCenter$DownloadJob#run: Installation successful: pipeline-stage-step
2023-02-18 02:42:17.109+0000 [id=96]	INFO	h.model.UpdateCenter$DownloadJob#run: Starting the installation of pipeline-model-extensions on behalf of admin
2023-02-18 02:42:17.109+0000 [id=96]	INFO	h.m.UpdateCenter$UpdateCenterConfiguration#download: Downloading pipeline-model-extensions
2023-02-18 02:42:20.295+0000 [id=96]	INFO	h.model.UpdateCenter$DownloadJob#run: Installation successful: pipeline-model-extensions
2023-02-18 02:42:20.295+0000 [id=96]	INFO	h.model.UpdateCenter$DownloadJob#run: Starting the installation of branch-api on behalf of admin
2023-02-18 02:42:20.295+0000 [id=96]	INFO	h.m.UpdateCenter$UpdateCenterConfiguration#download: Downloading branch-api
2023-02-18 02:42:24.011+0000 [id=96]	INFO	h.model.UpdateCenter$DownloadJob#run: Installation successful: branch-api
2023-02-18 02:42:24.011+0000 [id=96]	INFO	h.model.UpdateCenter$DownloadJob#run: Starting the installation of workflow-multibranch on behalf of admin
2023-02-18 02:42:24.011+0000 [id=96]	INFO	h.m.UpdateCenter$UpdateCenterConfiguration#download: Downloading workflow-multibranch
2023-02-18 02:42:28.827+0000 [id=96]	INFO	h.model.UpdateCenter$DownloadJob#run: Installation successful: workflow-multibranch
2023-02-18 02:42:28.827+0000 [id=96]	INFO	h.model.UpdateCenter$DownloadJob#run: Starting the installation of pipeline-stage-tags-metadata on behalf of admin
2023-02-18 02:42:28.827+0000 [id=96]	INFO	h.m.UpdateCenter$UpdateCenterConfiguration#download: Downloading pipeline-stage-tags-metadata
2023-02-18 02:42:32.444+0000 [id=96]	INFO	h.model.UpdateCenter$DownloadJob#run: Installation successful: pipeline-stage-tags-metadata
2023-02-18 02:42:32.446+0000 [id=96]	INFO	h.model.UpdateCenter$DownloadJob#run: Starting the installation of git-client on behalf of admin
2023-02-18 02:42:32.446+0000 [id=96]	INFO	h.m.UpdateCenter$UpdateCenterConfiguration#download: Downloading git-client
2023-02-18 02:42:39.428+0000 [id=96]	INFO	h.model.UpdateCenter$DownloadJob#run: Installation successful: git-client
2023-02-18 02:42:39.428+0000 [id=96]	INFO	h.model.UpdateCenter$DownloadJob#run: Starting the installation of pipeline-input-step on behalf of admin
2023-02-18 02:42:39.428+0000 [id=96]	INFO	h.m.UpdateCenter$UpdateCenterConfiguration#download: Downloading pipeline-input-step
2023-02-18 02:42:42.258+0000 [id=96]	INFO	h.model.UpdateCenter$DownloadJob#run: Installation successful: pipeline-input-step
2023-02-18 02:42:42.258+0000 [id=96]	INFO	h.model.UpdateCenter$DownloadJob#run: Starting the installation of pipeline-model-definition on behalf of admin
2023-02-18 02:42:42.258+0000 [id=96]	INFO	h.m.UpdateCenter$UpdateCenterConfiguration#download: Downloading pipeline-model-definition
2023-02-18 02:42:48.408+0000 [id=96]	INFO	h.model.UpdateCenter$DownloadJob#run: Installation successful: pipeline-model-definition
2023-02-18 02:42:48.408+0000 [id=96]	INFO	h.model.UpdateCenter$DownloadJob#run: Starting the installation of workflow-aggregator on behalf of admin
2023-02-18 02:42:48.408+0000 [id=96]	INFO	h.m.UpdateCenter$UpdateCenterConfiguration#download: Downloading workflow-aggregator
2023-02-18 02:42:51.920+0000 [id=96]	INFO	h.model.UpdateCenter$DownloadJob#run: Installation successful: workflow-aggregator
2023-02-18 02:42:51.920+0000 [id=96]	INFO	h.model.UpdateCenter$DownloadJob#run: Starting the installation of jjwt-api on behalf of admin
2023-02-18 02:42:51.920+0000 [id=96]	INFO	h.m.UpdateCenter$UpdateCenterConfiguration#download: Downloading jjwt-api
2023-02-18 02:42:56.856+0000 [id=96]	INFO	h.model.UpdateCenter$DownloadJob#run: Installation successful: jjwt-api
2023-02-18 02:42:56.856+0000 [id=96]	INFO	h.model.UpdateCenter$DownloadJob#run: Starting the installation of okhttp-api on behalf of admin
2023-02-18 02:42:56.856+0000 [id=96]	INFO	h.m.UpdateCenter$UpdateCenterConfiguration#download: Downloading okhttp-api
2023-02-18 02:43:02.256+0000 [id=96]	INFO	h.model.UpdateCenter$DownloadJob#run: Installation successful: okhttp-api
2023-02-18 02:43:02.256+0000 [id=96]	INFO	h.model.UpdateCenter$DownloadJob#run: Starting the installation of github-api on behalf of admin
2023-02-18 02:43:02.256+0000 [id=96]	INFO	h.m.UpdateCenter$UpdateCenterConfiguration#download: Downloading github-api
2023-02-18 02:43:16.687+0000 [id=96]	INFO	h.model.UpdateCenter$DownloadJob#run: Installation successful: github-api
2023-02-18 02:43:16.687+0000 [id=96]	INFO	h.model.UpdateCenter$DownloadJob#run: Starting the installation of git on behalf of admin
2023-02-18 02:43:16.687+0000 [id=96]	INFO	h.m.UpdateCenter$UpdateCenterConfiguration#download: Downloading git
2023-02-18 02:43:21.020+0000 [id=96]	INFO	h.model.UpdateCenter$DownloadJob#run: Installation successful: git
2023-02-18 02:43:21.020+0000 [id=96]	INFO	h.model.UpdateCenter$DownloadJob#run: Starting the installation of github on behalf of admin
2023-02-18 02:43:21.020+0000 [id=96]	INFO	h.m.UpdateCenter$UpdateCenterConfiguration#download: Downloading github
2023-02-18 02:43:28.332+0000 [id=96]	INFO	h.model.UpdateCenter$DownloadJob#run: Installation successful: github
2023-02-18 02:43:28.332+0000 [id=96]	INFO	h.model.UpdateCenter$DownloadJob#run: Starting the installation of github-branch-source on behalf of admin
2023-02-18 02:43:28.332+0000 [id=96]	INFO	h.m.UpdateCenter$UpdateCenterConfiguration#download: Downloading github-branch-source
2023-02-18 02:43:32.518+0000 [id=96]	INFO	h.model.UpdateCenter$DownloadJob#run: Installation successful: github-branch-source
2023-02-18 02:43:32.518+0000 [id=96]	INFO	h.model.UpdateCenter$DownloadJob#run: Starting the installation of pipeline-github-lib on behalf of admin
2023-02-18 02:43:32.518+0000 [id=96]	INFO	h.m.UpdateCenter$UpdateCenterConfiguration#download: Downloading pipeline-github-lib
2023-02-18 02:43:35.667+0000 [id=96]	INFO	h.model.UpdateCenter$DownloadJob#run: Installation successful: pipeline-github-lib
2023-02-18 02:43:35.667+0000 [id=96]	INFO	h.model.UpdateCenter$DownloadJob#run: Starting the installation of pipeline-graph-analysis on behalf of admin
2023-02-18 02:43:35.667+0000 [id=96]	INFO	h.m.UpdateCenter$UpdateCenterConfiguration#download: Downloading pipeline-graph-analysis
2023-02-18 02:43:38.697+0000 [id=96]	INFO	h.model.UpdateCenter$DownloadJob#run: Installation successful: pipeline-graph-analysis
2023-02-18 02:43:38.701+0000 [id=96]	INFO	h.model.UpdateCenter$DownloadJob#run: Starting the installation of pipeline-rest-api on behalf of admin
2023-02-18 02:43:38.701+0000 [id=96]	INFO	h.m.UpdateCenter$UpdateCenterConfiguration#download: Downloading pipeline-rest-api
2023-02-18 02:43:45.066+0000 [id=96]	INFO	h.model.UpdateCenter$DownloadJob#run: Installation successful: pipeline-rest-api
2023-02-18 02:43:45.066+0000 [id=96]	INFO	h.model.UpdateCenter$DownloadJob#run: Starting the installation of pipeline-stage-view on behalf of admin
2023-02-18 02:43:45.066+0000 [id=96]	INFO	h.m.UpdateCenter$UpdateCenterConfiguration#download: Downloading pipeline-stage-view
2023-02-18 02:43:49.596+0000 [id=96]	INFO	h.model.UpdateCenter$DownloadJob#run: Installation successful: pipeline-stage-view
2023-02-18 02:43:49.599+0000 [id=96]	INFO	h.model.UpdateCenter$DownloadJob#run: Starting the installation of git on behalf of admin
2023-02-18 02:43:49.599+0000 [id=96]	INFO	h.m.UpdateCenter$InstallationJob#_run: Skipping duplicate install of: Git@5.0.0
2023-02-18 02:43:49.599+0000 [id=96]	INFO	h.model.UpdateCenter$DownloadJob#run: Installation successful: git
2023-02-18 02:43:49.599+0000 [id=96]	INFO	h.model.UpdateCenter$DownloadJob#run: Starting the installation of ssh-slaves on behalf of admin
2023-02-18 02:43:49.599+0000 [id=96]	INFO	h.m.UpdateCenter$UpdateCenterConfiguration#download: Downloading ssh-slaves
2023-02-18 02:43:54.184+0000 [id=96]	INFO	h.model.UpdateCenter$DownloadJob#run: Installation successful: ssh-slaves
2023-02-18 02:43:54.184+0000 [id=96]	INFO	h.model.UpdateCenter$DownloadJob#run: Starting the installation of matrix-auth on behalf of admin
2023-02-18 02:43:54.184+0000 [id=96]	INFO	h.m.UpdateCenter$UpdateCenterConfiguration#download: Downloading matrix-auth
2023-02-18 02:43:58.610+0000 [id=96]	INFO	h.model.UpdateCenter$DownloadJob#run: Installation successful: matrix-auth
2023-02-18 02:43:58.610+0000 [id=96]	INFO	h.model.UpdateCenter$DownloadJob#run: Starting the installation of pam-auth on behalf of admin
2023-02-18 02:43:58.610+0000 [id=96]	INFO	h.m.UpdateCenter$UpdateCenterConfiguration#download: Downloading pam-auth
2023-02-18 02:44:02.494+0000 [id=96]	INFO	h.model.UpdateCenter$DownloadJob#run: Installation successful: pam-auth
2023-02-18 02:44:02.494+0000 [id=96]	INFO	h.model.UpdateCenter$DownloadJob#run: Starting the installation of ldap on behalf of admin
2023-02-18 02:44:02.499+0000 [id=96]	INFO	h.m.UpdateCenter$UpdateCenterConfiguration#download: Downloading ldap
2023-02-18 02:44:08.749+0000 [id=96]	INFO	h.model.UpdateCenter$DownloadJob#run: Installation successful: ldap
2023-02-18 02:44:08.749+0000 [id=96]	INFO	h.model.UpdateCenter$DownloadJob#run: Starting the installation of email-ext on behalf of admin
2023-02-18 02:44:08.749+0000 [id=96]	INFO	h.m.UpdateCenter$UpdateCenterConfiguration#download: Downloading email-ext
2023-02-18 02:44:14.111+0000 [id=96]	INFO	h.model.UpdateCenter$DownloadJob#run: Installation successful: email-ext
2023-02-18 02:44:14.111+0000 [id=96]	INFO	h.model.UpdateCenter$DownloadJob#run: Starting the installation of mailer on behalf of admin
2023-02-18 02:44:14.111+0000 [id=96]	INFO	h.m.UpdateCenter$InstallationJob#_run: Skipping duplicate install of: Mailer@448.v5b_97805e3767
2023-02-18 02:44:14.111+0000 [id=96]	INFO	h.model.UpdateCenter$DownloadJob#run: Installation successful: mailer
2023-02-18 02:44:14.111+0000 [id=96]	INFO	h.m.UpdateCenter$CompleteBatchJob#run: Completing installing of plugin batch…
2023-02-18 02:44:20.409+0000 [id=96]	INFO	h.p.b.g.GlobalTimeOutConfiguration#load: global timeout not set
2023-02-18 02:44:22.242+0000 [id=96]	INFO	h.m.DownloadService$Downloadable#load: Obtained the updated data file for hudson.tasks.Ant.AntInstaller
2023-02-18 02:44:24.648+0000 [id=96]	INFO	h.m.DownloadService$Downloadable#load: Obtained the updated data file for hudson.plugins.gradle.GradleInstaller
2023-02-18 02:44:25.941+0000 [id=339]	INFO	jenkins.InitReactorRunner$1#onAttained: Started initialization
2023-02-18 02:44:25.964+0000 [id=351]	INFO	jenkins.InitReactorRunner$1#onAttained: Listed all plugins
2023-02-18 02:44:25.975+0000 [id=352]	INFO	jenkins.InitReactorRunner$1#onAttained: Prepared all plugins
2023-02-18 02:44:26.043+0000 [id=354]	INFO	jenkins.InitReactorRunner$1#onAttained: Started all plugins
2023-02-18 02:44:26.065+0000 [id=341]	INFO	jenkins.InitReactorRunner$1#onAttained: Augmented all extensions
2023-02-18 02:44:26.108+0000 [id=352]	INFO	jenkins.InitReactorRunner$1#onAttained: System config loaded
2023-02-18 02:44:26.108+0000 [id=352]	INFO	jenkins.InitReactorRunner$1#onAttained: System config adapted
2023-02-18 02:44:26.207+0000 [id=348]	INFO	jenkins.InitReactorRunner$1#onAttained: Loaded all jobs
2023-02-18 02:44:26.218+0000 [id=342]	INFO	jenkins.InitReactorRunner$1#onAttained: Configuration for all jobs updated
2023-02-18 02:44:27.325+0000 [id=343]	INFO	jenkins.InitReactorRunner$1#onAttained: Completed initialization
2023-02-18 02:44:27.325+0000 [id=96]	INFO	h.m.UpdateCenter$CompleteBatchJob#run: Completed installation of 83 plugins in 10 min
2023-02-20 01:33:46.109+0000 [id=47]	INFO	hudson.model.AsyncPeriodicWork#doRun: Periodic background build discarder thread is still running. Execution aborted.
2023-02-20 01:33:46.343+0000 [id=57]	INFO	hudson.model.AsyncPeriodicWork#doRun: Periodic background build discarder thread is still running. Execution aborted.
2023-02-20 01:33:46.359+0000 [id=52]	INFO	hudson.model.AsyncPeriodicWork#doRun: Periodic background build discarder thread is still running. Execution aborted.
2023-02-20 01:33:46.359+0000 [id=53]	INFO	hudson.model.AsyncPeriodicWork#doRun: Periodic background build discarder thread is still running. Execution aborted.
2023-02-20 01:33:46.484+0000 [id=55]	INFO	hudson.model.AsyncPeriodicWork#doRun: Periodic background build discarder thread is still running. Execution aborted.
2023-02-20 01:33:46.500+0000 [id=55]	INFO	hudson.model.AsyncPeriodicWork#doRun: Periodic background build discarder thread is still running. Execution aborted.
2023-02-20 01:33:46.859+0000 [id=52]	INFO	hudson.model.AsyncPeriodicWork#doRun: Periodic background build discarder thread is still running. Execution aborted.
2023-02-20 01:33:46.922+0000 [id=52]	INFO	hudson.model.AsyncPeriodicWork#doRun: Periodic background build discarder thread is still running. Execution aborted.
2023-02-20 01:33:46.937+0000 [id=46]	INFO	hudson.model.AsyncPeriodicWork#doRun: Periodic background build discarder thread is still running. Execution aborted.
2023-02-20 01:33:46.968+0000 [id=53]	INFO	hudson.model.AsyncPeriodicWork#doRun: Periodic background build discarder thread is still running. Execution aborted.
2023-02-20 01:33:47.031+0000 [id=450]	INFO	hudson.util.Retrier#start: Attempt #1 to do the action check updates server
2023-02-20 01:33:47.078+0000 [id=53]	INFO	hudson.model.AsyncPeriodicWork#doRun: Periodic background build discarder thread is still running. Execution aborted.
2023-02-20 01:33:47.093+0000 [id=450]	INFO	hudson.util.Retrier#start: The attempt #1 to do the action check updates server failed with an allowed exception:
java.net.UnknownHostException: updates.jenkins.io
	at java.base/java.net.AbstractPlainSocketImpl.connect(AbstractPlainSocketImpl.java:229)
	at java.base/java.net.SocksSocketImpl.connect(SocksSocketImpl.java:392)
	at java.base/java.net.Socket.connect(Socket.java:608)
	at java.base/sun.security.ssl.SSLSocketImpl.connect(SSLSocketImpl.java:302)
	at java.base/sun.net.NetworkClient.doConnect(NetworkClient.java:177)
	at java.base/sun.net.www.http.HttpClient.openServer(HttpClient.java:508)
	at java.base/sun.net.www.http.HttpClient.openServer(HttpClient.java:603)
	at java.base/sun.net.www.protocol.https.HttpsClient.<init>(HttpsClient.java:265)
	at java.base/sun.net.www.protocol.https.HttpsClient.New(HttpsClient.java:372)
	at java.base/sun.net.www.protocol.https.AbstractDelegateHttpsURLConnection.getNewHttpClient(AbstractDelegateHttpsURLConnection.java:207)
	at java.base/sun.net.www.protocol.http.HttpURLConnection.plainConnect0(HttpURLConnection.java:1187)
	at java.base/sun.net.www.protocol.http.HttpURLConnection.plainConnect(HttpURLConnection.java:1081)
	at java.base/sun.net.www.protocol.https.AbstractDelegateHttpsURLConnection.connect(AbstractDelegateHttpsURLConnection.java:193)
	at java.base/sun.net.www.protocol.http.HttpURLConnection.getInputStream0(HttpURLConnection.java:1592)
	at java.base/sun.net.www.protocol.http.HttpURLConnection.getInputStream(HttpURLConnection.java:1520)
	at java.base/sun.net.www.protocol.https.HttpsURLConnectionImpl.getInputStream(HttpsURLConnectionImpl.java:250)
	at hudson.model.DownloadService.loadJSON(DownloadService.java:122)
	at hudson.model.UpdateSite.updateDirectlyNow(UpdateSite.java:219)
	at hudson.model.UpdateSite.updateDirectlyNow(UpdateSite.java:214)
	at hudson.PluginManager.checkUpdatesServer(PluginManager.java:2068)
	at hudson.util.Retrier.start(Retrier.java:62)
	at hudson.PluginManager.doCheckUpdatesServer(PluginManager.java:2039)
	at jenkins.DailyCheck.execute(DailyCheck.java:93)
	at hudson.model.AsyncPeriodicWork.lambda$doRun$0(AsyncPeriodicWork.java:102)
	at java.base/java.lang.Thread.run(Thread.java:834)
2023-02-20 01:33:47.093+0000 [id=450]	INFO	hudson.util.Retrier#start: Calling the listener of the allowed exception 'updates.jenkins.io' at the attempt #1 to do the action check updates server
2023-02-20 01:33:47.093+0000 [id=450]	INFO	hudson.util.Retrier#start: Attempted the action check updates server for 1 time(s) with no success
2023-02-20 01:33:47.093+0000 [id=450]	SEVERE	hudson.PluginManager#doCheckUpdatesServer: Error checking update sites for 1 attempt(s). Last exception was: UnknownHostException: updates.jenkins.io
2023-02-20 01:33:47.187+0000 [id=53]	INFO	hudson.model.AsyncPeriodicWork#doRun: Periodic background build discarder thread is still running. Execution aborted.
2023-02-20 01:33:47.187+0000 [id=56]	INFO	hudson.model.AsyncPeriodicWork#doRun: Periodic background build discarder thread is still running. Execution aborted.
2023-02-20 01:33:47.234+0000 [id=53]	INFO	hudson.model.AsyncPeriodicWork#doRun: Periodic background build discarder thread is still running. Execution aborted.
2023-02-20 01:33:47.234+0000 [id=51]	INFO	hudson.model.AsyncPeriodicWork#doRun: Periodic background build discarder thread is still running. Execution aborted.
2023-02-20 01:33:47.453+0000 [id=46]	INFO	hudson.model.AsyncPeriodicWork#doRun: Periodic background build discarder thread is still running. Execution aborted.
2023-02-20 01:33:47.468+0000 [id=46]	INFO	hudson.model.AsyncPeriodicWork#doRun: Periodic background build discarder thread is still running. Execution aborted.
2023-02-20 01:33:47.468+0000 [id=46]	INFO	hudson.model.AsyncPeriodicWork#doRun: Periodic background build discarder thread is still running. Execution aborted.
2023-02-20 01:33:47.484+0000 [id=46]	INFO	hudson.model.AsyncPeriodicWork#doRun: Periodic background build discarder thread is still running. Execution aborted.
2023-02-20 01:33:47.515+0000 [id=46]	INFO	hudson.model.AsyncPeriodicWork#doRun: Periodic background build discarder thread is still running. Execution aborted.
2023-02-20 01:33:47.625+0000 [id=53]	INFO	hudson.model.AsyncPeriodicWork#doRun: Periodic background build discarder thread is still running. Execution aborted.
2023-02-20 01:33:47.640+0000 [id=57]	INFO	hudson.model.AsyncPeriodicWork#doRun: Periodic background build discarder thread is still running. Execution aborted.
2023-02-20 01:33:47.640+0000 [id=57]	INFO	hudson.model.AsyncPeriodicWork#doRun: Periodic background build discarder thread is still running. Execution aborted.
2023-02-20 01:33:47.640+0000 [id=57]	INFO	hudson.model.AsyncPeriodicWork#doRun: Periodic background build discarder thread is still running. Execution aborted.
2023-02-20 01:33:47.640+0000 [id=57]	INFO	hudson.model.AsyncPeriodicWork#doRun: Periodic background build discarder thread is still running. Execution aborted.
2023-02-20 01:33:47.656+0000 [id=57]	INFO	hudson.model.AsyncPeriodicWork#doRun: Periodic background build discarder thread is still running. Execution aborted.
2023-02-20 01:33:47.656+0000 [id=57]	INFO	hudson.model.AsyncPeriodicWork#doRun: Periodic background build discarder thread is still running. Execution aborted.
2023-02-20 01:33:47.656+0000 [id=57]	INFO	hudson.model.AsyncPeriodicWork#doRun: Periodic background build discarder thread is still running. Execution aborted.
2023-02-20 01:33:47.656+0000 [id=57]	INFO	hudson.model.AsyncPeriodicWork#doRun: Periodic background build discarder thread is still running. Execution aborted.
